<?xml version="1.0" encoding="UTF-8"?>
<!-- Generated by org.testng.reporters.JUnitReportReporter -->
<testsuite hostname="DESKTOP-I85STP7" failures="0" tests="1" name="test_cases.TC004_Multi_Windows" time="11.259" errors="0" timestamp="2023-07-21T12:26:49 ICT" skipped="0">
  <testcase classname="test_cases.TC004_Multi_Windows" name="comparePhones" time="11.259"/>
  <system-out/>
</testsuite> <!-- test_cases.TC004_Multi_Windows -->
