<?xml version="1.0" encoding="UTF-8"?>
<!-- Generated by org.testng.reporters.JUnitReportReporter -->
<testsuite hostname="DESKTOP-I85STP7" failures="0" tests="1" name="test_cases.TC004_Multi_Windows" time="15.180" errors="0" timestamp="2023-06-10T16:29:21 ICT" skipped="0">
  <testcase classname="test_cases.TC004_Multi_Windows" name="comparePhones" time="15.180"/>
  <system-out/>
</testsuite> <!-- test_cases.TC004_Multi_Windows -->
