<?xml version="1.0" encoding="UTF-8"?>
<!-- Generated by org.testng.reporters.JUnitReportReporter -->
<testsuite hostname="DESKTOP-I85STP7" failures="0" tests="1" name="test_cases.TC005_Account_Creation" time="12.802" errors="0" timestamp="2023-07-21T12:29:42 ICT" skipped="0">
  <testcase classname="test_cases.TC005_Account_Creation" name="accountCreation" time="12.802"/>
  <system-out/>
</testsuite> <!-- test_cases.TC005_Account_Creation -->
