<?xml version="1.0" encoding="UTF-8"?>
<!-- Generated by org.testng.reporters.JUnitReportReporter -->
<testsuite hostname="DESKTOP-I85STP7" failures="0" tests="1" name="test_cases.TC001_Sort_By" time="8.860" errors="0" timestamp="2023-06-07T13:52:01 ICT" skipped="0">
  <testcase classname="test_cases.TC001_Sort_By" name="sortByName" time="8.860"/>
  <system-out/>
</testsuite> <!-- test_cases.TC001_Sort_By -->
