<?xml version="1.0" encoding="UTF-8"?>
<!-- Generated by org.testng.reporters.JUnitReportReporter -->
<testsuite hostname="DESKTOP-I85STP7" failures="0" tests="1" name="test_cases.TC006_Purchase_Products" time="18.298" errors="0" timestamp="2023-06-12T18:10:22 ICT" skipped="0">
  <testcase classname="test_cases.TC006_Purchase_Products" name="purchaseProducts" time="18.298"/>
  <system-out/>
</testsuite> <!-- test_cases.TC006_Purchase_Products -->
