<?xml version="1.0" encoding="UTF-8"?>
<!-- Generated by org.testng.reporters.JUnitReportReporter -->
<testsuite hostname="DESKTOP-I85STP7" failures="0" tests="1" name="test_cases.TC008_Re_Order" time="13.691" errors="0" timestamp="2023-07-21T11:56:35 ICT" skipped="0">
  <testcase classname="test_cases.TC008_Re_Order" name="reorder" time="13.691"/>
  <system-out/>
</testsuite> <!-- test_cases.TC008_Re_Order -->
