<?xml version="1.0" encoding="UTF-8"?>
<!-- Generated by org.testng.reporters.JUnitReportReporter -->
<testsuite hostname="DESKTOP-I85STP7" failures="0" tests="1" name="test_cases.TC009_Discount_Coupon" time="7.901" errors="0" timestamp="2023-06-19T15:47:42 ICT" skipped="0">
  <testcase classname="test_cases.TC009_Discount_Coupon" name="discount" time="7.901"/>
  <system-out/>
</testsuite> <!-- test_cases.TC009_Discount_Coupon -->
